JobId=1780014 ArrayJobId=1780013 ArrayTaskId=0 JobName=run_training_diffusion_arr.sbatch
   UserId=iilanchezian63(4135) GroupId=berens(4008) MCS_label=N/A
   Priority=62357 Nice=0 Account=berens QOS=normal
   JobState=RUNNING Reason=None Dependency=(null)
   Requeue=1 Restarts=0 BatchFlag=1 Reboot=0 ExitCode=0:0
   RunTime=00:00:01 TimeLimit=3-00:00:00 TimeMin=N/A
   SubmitTime=2022-09-07T11:21:58 EligibleTime=2022-09-07T11:21:58
   AccrueTime=2022-09-07T11:22:34
   StartTime=2022-09-07T14:54:45 EndTime=2022-09-10T14:54:45 Deadline=N/A
   PreemptEligibleTime=2022-09-07T14:55:45 PreemptTime=None
   SuspendTime=None SecsPreSuspend=0 LastSchedEval=2022-09-07T14:54:45
   Partition=gpu-v100 AllocNode:Sid=bg-slurmb-login1:25643
   ReqNodeList=(null) ExcNodeList=(null)
   NodeList=slurm-v100-3
   BatchHost=slurm-v100-3
   NumNodes=1 NumCPUs=8 NumTasks=1 CPUs/Task=8 ReqB:S:C:T=0:0:*:*
   TRES=cpu=8,mem=32G,node=1,billing=7,gres/gpu=1
   Socks/Node=* NtasksPerN:B:S:C=0:0:*:* CoreSpec=*
   MinCPUsNode=8 MinMemoryNode=32G MinTmpDiskNode=0
   Features=(null) DelayBoot=00:00:00
   OverSubscribe=OK Contiguous=0 Licenses=(null) Network=(null)
   Command=/mnt/qb/work/berens/iilanchezian63/projects/guided-diffusion/run_training_diffusion_arr.sbatch
   WorkDir=/mnt/qb/work/berens/iilanchezian63/projects/guided-diffusion
   StdErr=/mnt/qb/work/berens/iilanchezian63/projects/guided-diffusion/slurm_out/errors_0_1780013.err
   StdIn=/dev/null
   StdOut=/mnt/qb/work/berens/iilanchezian63/projects/guided-diffusion/slurm_out/logs_0_1780013.out
   Power=
   TresPerNode=gpu:1
   NtasksPerTRES:0

quobyte@1474c6ab-7ef5-4c1c-93fa-36dde0d8e47e on /mnt/qb/eyepacs type fuse.quobyte (rw,nosuid,nodev,noatime,user_id=0,group_id=0,allow_other)

stopped quobyte-client--mnt-qb-eyepacs.service
